<?xml version="1.0" encoding="UTF-8"?>
<testng-results ignored="0" total="1" passed="1" failed="0" skipped="0">
  <reporter-output>
  </reporter-output>
  <suite started-at="2021-12-28T22:54:23 IST" name="Suite" finished-at="2021-12-28T22:54:23 IST" duration-ms="179">
    <groups>
    </groups>
    <test started-at="2021-12-28T22:54:23 IST" name="Test" finished-at="2021-12-28T22:54:23 IST" duration-ms="179">
      <class name="com.TestNGClass.ClassTestTestNG">
        <test-method signature="TestingFaceBook()[pri:0, instance:com.TestNGClass.ClassTestTestNG@65f095f8]" started-at="2021-12-28T22:54:23 IST" name="TestingFaceBook" finished-at="2021-12-28T22:54:23 IST" duration-ms="16" status="PASS">
          <reporter-output>
          </reporter-output>
        </test-method> <!-- TestingFaceBook -->
      </class> <!-- com.TestNGClass.ClassTestTestNG -->
    </test> <!-- Test -->
  </suite> <!-- Suite -->
</testng-results>
